#
# There is insufficient memory for the Java Runtime Environment to continue.
# Native memory allocation (malloc) failed to allocate 32744 bytes for ChunkPool::allocate
# Possible reasons:
#   The system is out of physical RAM or swap space
#   The process is running with CompressedOops enabled, and the Java Heap may be blocking the growth of the native heap
# Possible solutions:
#   Reduce memory load on the system
#   Increase physical memory or swap space
#   Check if swap backing store is full
#   Decrease Java heap size (-Xmx/-Xms)
#   Decrease number of Java threads
#   Decrease Java thread stack sizes (-Xss)
#   Set larger code cache with -XX:ReservedCodeCacheSize=
#   JVM is running with Unscaled Compressed Oops mode in which the Java heap is
#     placed in the first 4GB address space. The Java Heap base address is the
#     maximum limit for the native heap growth. Please use -XX:HeapBaseMinAddress
#     to set the Java Heap base and to place the Java Heap above 4GB virtual address.
# This output file may be truncated or incomplete.
#
#  Out of Memory Error (./open/src/hotspot/share/memory/arena.cpp:81), pid=11992, tid=5440
#
# JRE version: Java(TM) SE Runtime Environment 18.9 (11.0.19+9) (build 11.0.19+9-LTS-224)
# Java VM: Java HotSpot(TM) 64-Bit Server VM 18.9 (11.0.19+9-LTS-224, mixed mode, tiered, compressed oops, g1 gc, windows-amd64)
# No core dump will be written. Minidumps are not enabled by default on client versions of Windows
#

---------------  S U M M A R Y ------------

Command Line: -javaagent:C:\Program Files\JetBrains\IntelliJ IDEA 2023.1.1\lib\idea_rt.jar=52909:C:\Program Files\JetBrains\IntelliJ IDEA 2023.1.1\bin -Dfile.encoding=UTF-8 Main

Host: Intel(R) Core(TM) i5-8350U CPU @ 1.70GHz, 8 cores, 7G,  Windows 10 , 64 bit Build 19041 (10.0.19041.2913)
Time: Sun May 14 15:30:39 2023 Eastern Daylight Time elapsed time: 0.217027 seconds (0d 0h 0m 0s)

---------------  T H R E A D  ---------------

Current thread (0x00000198ff6f1000):  JavaThread "C1 CompilerThread0" daemon [_thread_in_native, id=5440, stack(0x0000001096300000,0x0000001096400000)]


Current CompileTask:
C1:    217  259       3       jdk.internal.org.objectweb.asm.Frame::execute (2264 bytes)

Stack: [0x0000001096300000,0x0000001096400000]
Native frames: (J=compiled Java code, j=interpreted, Vv=VM code, C=native code)
V  [jvm.dll+0x65fe1a]
V  [jvm.dll+0x7a2bbf]
V  [jvm.dll+0x7a4289]
V  [jvm.dll+0x7a4923]
V  [jvm.dll+0x258a25]
V  [jvm.dll+0xb2c3f]
V  [jvm.dll+0xb2f8c]
V  [jvm.dll+0x176a09]
V  [jvm.dll+0x176f97]
V  [jvm.dll+0x176e20]
V  [jvm.dll+0x16e8d5]
V  [jvm.dll+0x16d8ec]
V  [jvm.dll+0x1779fb]
V  [jvm.dll+0x16eabb]
V  [jvm.dll+0x1727af]
V  [jvm.dll+0x12a665]
V  [jvm.dll+0x129f3f]
V  [jvm.dll+0x12a172]
V  [jvm.dll+0x1294c9]
V  [jvm.dll+0x12b318]
V  [jvm.dll+0x220989]
V  [jvm.dll+0x21ecac]
V  [jvm.dll+0x766921]
V  [jvm.dll+0x75f2e4]
V  [jvm.dll+0x65ecc5]
C  [ucrtbase.dll+0x21bb2]
C  [KERNEL32.DLL+0x17614]
C  [ntdll.dll+0x526a1]


---------------  P R O C E S S  ---------------

Threads class SMR info:
_java_thread_list=0x0000019884385860, length=12, elements={
0x00000198e56da800, 0x00000198ff6a5000, 0x00000198ff6df800, 0x00000198ff6eb000,
0x00000198ff6ec000, 0x00000198ff6ed800, 0x00000198ff6ef800, 0x00000198ff6f1000,
0x00000198ff6f2000, 0x00000198840c7000, 0x0000019884148800, 0x0000019884223000
}

Java Threads: ( => current thread )
  0x00000198e56da800 JavaThread "main" [_thread_in_vm, id=12712, stack(0x0000001095600000,0x0000001095700000)]
  0x00000198ff6a5000 JavaThread "Reference Handler" daemon [_thread_blocked, id=10160, stack(0x0000001095d00000,0x0000001095e00000)]
  0x00000198ff6df800 JavaThread "Finalizer" daemon [_thread_blocked, id=12524, stack(0x0000001095e00000,0x0000001095f00000)]
  0x00000198ff6eb000 JavaThread "Signal Dispatcher" daemon [_thread_blocked, id=6480, stack(0x0000001095f00000,0x0000001096000000)]
  0x00000198ff6ec000 JavaThread "Attach Listener" daemon [_thread_blocked, id=1720, stack(0x0000001096000000,0x0000001096100000)]
  0x00000198ff6ed800 JavaThread "Service Thread" daemon [_thread_blocked, id=1208, stack(0x0000001096100000,0x0000001096200000)]
  0x00000198ff6ef800 JavaThread "C2 CompilerThread0" daemon [_thread_in_native, id=9976, stack(0x0000001096200000,0x0000001096300000)]
=>0x00000198ff6f1000 JavaThread "C1 CompilerThread0" daemon [_thread_in_native, id=5440, stack(0x0000001096300000,0x0000001096400000)]
  0x00000198ff6f2000 JavaThread "Sweeper thread" daemon [_thread_blocked, id=1232, stack(0x0000001096400000,0x0000001096500000)]
  0x00000198840c7000 JavaThread "Common-Cleaner" daemon [_thread_blocked, id=9260, stack(0x0000001096500000,0x0000001096600000)]
  0x0000019884148800 JavaThread "C2 CompilerThread1" daemon [_thread_blocked, id=8676, stack(0x0000001096600000,0x0000001096700000)]
  0x0000019884223000 JavaThread "Monitor Ctrl-Break" daemon [_thread_in_native, id=2248, stack(0x0000001096700000,0x0000001096800000)]

Other Threads:
  0x00000198ff6a3000 VMThread "VM Thread" [stack: 0x0000001095c00000,0x0000001095d00000] [id=7916]
  0x0000019884224000 WatcherThread [stack: 0x0000001096800000,0x0000001096900000] [id=6564]
  0x00000198e56ee800 GCTaskThread "GC Thread#0" [stack: 0x0000001095700000,0x0000001095800000] [id=11472]
  0x00000198e571e800 ConcurrentGCThread "G1 Main Marker" [stack: 0x0000001095800000,0x0000001095900000] [id=7360]
  0x00000198e5720000 ConcurrentGCThread "G1 Conc#0" [stack: 0x0000001095900000,0x0000001095a00000] [id=10636]
  0x00000198ff510800 ConcurrentGCThread "G1 Refine#0" [stack: 0x0000001095a00000,0x0000001095b00000] [id=10640]
  0x00000198e57b7000 ConcurrentGCThread "G1 Young RemSet Sampling" [stack: 0x0000001095b00000,0x0000001095c00000] [id=10972]

Threads with active compile tasks:
C2 CompilerThread0      253  287       4       java.lang.String::length (11 bytes)
C1 CompilerThread0      253  259       3       jdk.internal.org.objectweb.asm.Frame::execute (2264 bytes)

VM state:not at safepoint (normal execution)

VM Mutex/Monitor currently owned by a thread: None

Heap address: 0x0000000081e00000, size: 2018 MB, Compressed Oops mode: 32-bit
Narrow klass base: 0x0000000000000000, Narrow klass shift: 3
Compressed class space size: 1073741824 Address: 0x0000000100000000

Heap:
 garbage-first heap   total 131072K, used 2048K [0x0000000081e00000, 0x0000000100000000)
  region size 1024K, 3 young (3072K), 0 survivors (0K)
 Metaspace       used 6567K, capacity 6726K, committed 6784K, reserved 1060864K
  class space    used 594K, capacity 630K, committed 640K, reserved 1048576K
Heap Regions: E=young(eden), S=young(survivor), O=old, HS=humongous(starts), HC=humongous(continues), CS=collection set, F=free, A=archive, TAMS=top-at-mark-start (previous, next)
|   0|0x0000000081e00000, 0x0000000081e00000, 0x0000000081f00000|  0%| F|  |TAMS 0x0000000081e00000, 0x0000000081e00000| Untracked 
|   1|0x0000000081f00000, 0x0000000081f00000, 0x0000000082000000|  0%| F|  |TAMS 0x0000000081f00000, 0x0000000081f00000| Untracked 
|   2|0x0000000082000000, 0x0000000082000000, 0x0000000082100000|  0%| F|  |TAMS 0x0000000082000000, 0x0000000082000000| Untracked 
|   3|0x0000000082100000, 0x0000000082100000, 0x0000000082200000|  0%| F|  |TAMS 0x0000000082100000, 0x0000000082100000| Untracked 
|   4|0x0000000082200000, 0x0000000082200000, 0x0000000082300000|  0%| F|  |TAMS 0x0000000082200000, 0x0000000082200000| Untracked 
|   5|0x0000000082300000, 0x0000000082300000, 0x0000000082400000|  0%| F|  |TAMS 0x0000000082300000, 0x0000000082300000| Untracked 
|   6|0x0000000082400000, 0x0000000082400000, 0x0000000082500000|  0%| F|  |TAMS 0x0000000082400000, 0x0000000082400000| Untracked 
|   7|0x0000000082500000, 0x0000000082500000, 0x0000000082600000|  0%| F|  |TAMS 0x0000000082500000, 0x0000000082500000| Untracked 
|   8|0x0000000082600000, 0x0000000082600000, 0x0000000082700000|  0%| F|  |TAMS 0x0000000082600000, 0x0000000082600000| Untracked 
|   9|0x0000000082700000, 0x0000000082700000, 0x0000000082800000|  0%| F|  |TAMS 0x0000000082700000, 0x0000000082700000| Untracked 
|  10|0x0000000082800000, 0x0000000082800000, 0x0000000082900000|  0%| F|  |TAMS 0x0000000082800000, 0x0000000082800000| Untracked 
|  11|0x0000000082900000, 0x0000000082900000, 0x0000000082a00000|  0%| F|  |TAMS 0x0000000082900000, 0x0000000082900000| Untracked 
|  12|0x0000000082a00000, 0x0000000082a00000, 0x0000000082b00000|  0%| F|  |TAMS 0x0000000082a00000, 0x0000000082a00000| Untracked 
|  13|0x0000000082b00000, 0x0000000082b00000, 0x0000000082c00000|  0%| F|  |TAMS 0x0000000082b00000, 0x0000000082b00000| Untracked 
|  14|0x0000000082c00000, 0x0000000082c00000, 0x0000000082d00000|  0%| F|  |TAMS 0x0000000082c00000, 0x0000000082c00000| Untracked 
|  15|0x0000000082d00000, 0x0000000082d00000, 0x0000000082e00000|  0%| F|  |TAMS 0x0000000082d00000, 0x0000000082d00000| Untracked 
|  16|0x0000000082e00000, 0x0000000082e00000, 0x0000000082f00000|  0%| F|  |TAMS 0x0000000082e00000, 0x0000000082e00000| Untracked 
|  17|0x0000000082f00000, 0x0000000082f00000, 0x0000000083000000|  0%| F|  |TAMS 0x0000000082f00000, 0x0000000082f00000| Untracked 
|  18|0x0000000083000000, 0x0000000083000000, 0x0000000083100000|  0%| F|  |TAMS 0x0000000083000000, 0x0000000083000000| Untracked 
|  19|0x0000000083100000, 0x0000000083100000, 0x0000000083200000|  0%| F|  |TAMS 0x0000000083100000, 0x0000000083100000| Untracked 
|  20|0x0000000083200000, 0x0000000083200000, 0x0000000083300000|  0%| F|  |TAMS 0x0000000083200000, 0x0000000083200000| Untracked 
|  21|0x0000000083300000, 0x0000000083300000, 0x0000000083400000|  0%| F|  |TAMS 0x0000000083300000, 0x0000000083300000| Untracked 
|  22|0x0000000083400000, 0x0000000083400000, 0x0000000083500000|  0%| F|  |TAMS 0x0000000083400000, 0x0000000083400000| Untracked 
|  23|0x0000000083500000, 0x0000000083500000, 0x0000000083600000|  0%| F|  |TAMS 0x0000000083500000, 0x0000000083500000| Untracked 
|  24|0x0000000083600000, 0x0000000083600000, 0x0000000083700000|  0%| F|  |TAMS 0x0000000083600000, 0x0000000083600000| Untracked 
|  25|0x0000000083700000, 0x0000000083700000, 0x0000000083800000|  0%| F|  |TAMS 0x0000000083700000, 0x0000000083700000| Untracked 
|  26|0x0000000083800000, 0x0000000083800000, 0x0000000083900000|  0%| F|  |TAMS 0x0000000083800000, 0x0000000083800000| Untracked 
|  27|0x0000000083900000, 0x0000000083900000, 0x0000000083a00000|  0%| F|  |TAMS 0x0000000083900000, 0x0000000083900000| Untracked 
|  28|0x0000000083a00000, 0x0000000083a00000, 0x0000000083b00000|  0%| F|  |TAMS 0x0000000083a00000, 0x0000000083a00000| Untracked 
|  29|0x0000000083b00000, 0x0000000083b00000, 0x0000000083c00000|  0%| F|  |TAMS 0x0000000083b00000, 0x0000000083b00000| Untracked 
|  30|0x0000000083c00000, 0x0000000083c00000, 0x0000000083d00000|  0%| F|  |TAMS 0x0000000083c00000, 0x0000000083c00000| Untracked 
|  31|0x0000000083d00000, 0x0000000083d00000, 0x0000000083e00000|  0%| F|  |TAMS 0x0000000083d00000, 0x0000000083d00000| Untracked 
|  32|0x0000000083e00000, 0x0000000083e00000, 0x0000000083f00000|  0%| F|  |TAMS 0x0000000083e00000, 0x0000000083e00000| Untracked 
|  33|0x0000000083f00000, 0x0000000083f00000, 0x0000000084000000|  0%| F|  |TAMS 0x0000000083f00000, 0x0000000083f00000| Untracked 
|  34|0x0000000084000000, 0x0000000084000000, 0x0000000084100000|  0%| F|  |TAMS 0x0000000084000000, 0x0000000084000000| Untracked 
|  35|0x0000000084100000, 0x0000000084100000, 0x0000000084200000|  0%| F|  |TAMS 0x0000000084100000, 0x0000000084100000| Untracked 
|  36|0x0000000084200000, 0x0000000084200000, 0x0000000084300000|  0%| F|  |TAMS 0x0000000084200000, 0x0000000084200000| Untracked 
|  37|0x0000000084300000, 0x0000000084300000, 0x0000000084400000|  0%| F|  |TAMS 0x0000000084300000, 0x0000000084300000| Untracked 
|  38|0x0000000084400000, 0x0000000084400000, 0x0000000084500000|  0%| F|  |TAMS 0x0000000084400000, 0x0000000084400000| Untracked 
|  39|0x0000000084500000, 0x0000000084500000, 0x0000000084600000|  0%| F|  |TAMS 0x0000000084500000, 0x0000000084500000| Untracked 
|  40|0x0000000084600000, 0x0000000084600000, 0x0000000084700000|  0%| F|  |TAMS 0x0000000084600000, 0x0000000084600000| Untracked 
|  41|0x0000000084700000, 0x0000000084700000, 0x0000000084800000|  0%| F|  |TAMS 0x0000000084700000, 0x0000000084700000| Untracked 
|  42|0x0000000084800000, 0x0000000084800000, 0x0000000084900000|  0%| F|  |TAMS 0x0000000084800000, 0x0000000084800000| Untracked 
|  43|0x0000000084900000, 0x0000000084900000, 0x0000000084a00000|  0%| F|  |TAMS 0x0000000084900000, 0x0000000084900000| Untracked 
|  44|0x0000000084a00000, 0x0000000084a00000, 0x0000000084b00000|  0%| F|  |TAMS 0x0000000084a00000, 0x0000000084a00000| Untracked 
|  45|0x0000000084b00000, 0x0000000084b00000, 0x0000000084c00000|  0%| F|  |TAMS 0x0000000084b00000, 0x0000000084b00000| Untracked 
|  46|0x0000000084c00000, 0x0000000084c00000, 0x0000000084d00000|  0%| F|  |TAMS 0x0000000084c00000, 0x0000000084c00000| Untracked 
|  47|0x0000000084d00000, 0x0000000084d00000, 0x0000000084e00000|  0%| F|  |TAMS 0x0000000084d00000, 0x0000000084d00000| Untracked 
|  48|0x0000000084e00000, 0x0000000084e00000, 0x0000000084f00000|  0%| F|  |TAMS 0x0000000084e00000, 0x0000000084e00000| Untracked 
|  49|0x0000000084f00000, 0x0000000084f00000, 0x0000000085000000|  0%| F|  |TAMS 0x0000000084f00000, 0x0000000084f00000| Untracked 
|  50|0x0000000085000000, 0x0000000085000000, 0x0000000085100000|  0%| F|  |TAMS 0x0000000085000000, 0x0000000085000000| Untracked 
|  51|0x0000000085100000, 0x0000000085100000, 0x0000000085200000|  0%| F|  |TAMS 0x0000000085100000, 0x0000000085100000| Untracked 
|  52|0x0000000085200000, 0x0000000085200000, 0x0000000085300000|  0%| F|  |TAMS 0x0000000085200000, 0x0000000085200000| Untracked 
|  53|0x0000000085300000, 0x0000000085300000, 0x0000000085400000|  0%| F|  |TAMS 0x0000000085300000, 0x0000000085300000| Untracked 
|  54|0x0000000085400000, 0x0000000085400000, 0x0000000085500000|  0%| F|  |TAMS 0x0000000085400000, 0x0000000085400000| Untracked 
|  55|0x0000000085500000, 0x0000000085500000, 0x0000000085600000|  0%| F|  |TAMS 0x0000000085500000, 0x0000000085500000| Untracked 
|  56|0x0000000085600000, 0x0000000085600000, 0x0000000085700000|  0%| F|  |TAMS 0x0000000085600000, 0x0000000085600000| Untracked 
|  57|0x0000000085700000, 0x0000000085700000, 0x0000000085800000|  0%| F|  |TAMS 0x0000000085700000, 0x0000000085700000| Untracked 
|  58|0x0000000085800000, 0x0000000085800000, 0x0000000085900000|  0%| F|  |TAMS 0x0000000085800000, 0x0000000085800000| Untracked 
|  59|0x0000000085900000, 0x0000000085900000, 0x0000000085a00000|  0%| F|  |TAMS 0x0000000085900000, 0x0000000085900000| Untracked 
|  60|0x0000000085a00000, 0x0000000085a00000, 0x0000000085b00000|  0%| F|  |TAMS 0x0000000085a00000, 0x0000000085a00000| Untracked 
|  61|0x0000000085b00000, 0x0000000085b00000, 0x0000000085c00000|  0%| F|  |TAMS 0x0000000085b00000, 0x0000000085b00000| Untracked 
|  62|0x0000000085c00000, 0x0000000085c00000, 0x0000000085d00000|  0%| F|  |TAMS 0x0000000085c00000, 0x0000000085c00000| Untracked 
|  63|0x0000000085d00000, 0x0000000085d00000, 0x0000000085e00000|  0%| F|  |TAMS 0x0000000085d00000, 0x0000000085d00000| Untracked 
|  64|0x0000000085e00000, 0x0000000085e00000, 0x0000000085f00000|  0%| F|  |TAMS 0x0000000085e00000, 0x0000000085e00000| Untracked 
|  65|0x0000000085f00000, 0x0000000085f00000, 0x0000000086000000|  0%| F|  |TAMS 0x0000000085f00000, 0x0000000085f00000| Untracked 
|  66|0x0000000086000000, 0x0000000086000000, 0x0000000086100000|  0%| F|  |TAMS 0x0000000086000000, 0x0000000086000000| Untracked 
|  67|0x0000000086100000, 0x0000000086100000, 0x0000000086200000|  0%| F|  |TAMS 0x0000000086100000, 0x0000000086100000| Untracked 
|  68|0x0000000086200000, 0x0000000086200000, 0x0000000086300000|  0%| F|  |TAMS 0x0000000086200000, 0x0000000086200000| Untracked 
|  69|0x0000000086300000, 0x0000000086300000, 0x0000000086400000|  0%| F|  |TAMS 0x0000000086300000, 0x0000000086300000| Untracked 
|  70|0x0000000086400000, 0x0000000086400000, 0x0000000086500000|  0%| F|  |TAMS 0x0000000086400000, 0x0000000086400000| Untracked 
|  71|0x0000000086500000, 0x0000000086500000, 0x0000000086600000|  0%| F|  |TAMS 0x0000000086500000, 0x0000000086500000| Untracked 
|  72|0x0000000086600000, 0x0000000086600000, 0x0000000086700000|  0%| F|  |TAMS 0x0000000086600000, 0x0000000086600000| Untracked 
|  73|0x0000000086700000, 0x0000000086700000, 0x0000000086800000|  0%| F|  |TAMS 0x0000000086700000, 0x0000000086700000| Untracked 
|  74|0x0000000086800000, 0x0000000086800000, 0x0000000086900000|  0%| F|  |TAMS 0x0000000086800000, 0x0000000086800000| Untracked 
|  75|0x0000000086900000, 0x0000000086900000, 0x0000000086a00000|  0%| F|  |TAMS 0x0000000086900000, 0x0000000086900000| Untracked 
|  76|0x0000000086a00000, 0x0000000086a00000, 0x0000000086b00000|  0%| F|  |TAMS 0x0000000086a00000, 0x0000000086a00000| Untracked 
|  77|0x0000000086b00000, 0x0000000086b00000, 0x0000000086c00000|  0%| F|  |TAMS 0x0000000086b00000, 0x0000000086b00000| Untracked 
|  78|0x0000000086c00000, 0x0000000086c00000, 0x0000000086d00000|  0%| F|  |TAMS 0x0000000086c00000, 0x0000000086c00000| Untracked 
|  79|0x0000000086d00000, 0x0000000086d00000, 0x0000000086e00000|  0%| F|  |TAMS 0x0000000086d00000, 0x0000000086d00000| Untracked 
|  80|0x0000000086e00000, 0x0000000086e00000, 0x0000000086f00000|  0%| F|  |TAMS 0x0000000086e00000, 0x0000000086e00000| Untracked 
|  81|0x0000000086f00000, 0x0000000086f00000, 0x0000000087000000|  0%| F|  |TAMS 0x0000000086f00000, 0x0000000086f00000| Untracked 
|  82|0x0000000087000000, 0x0000000087000000, 0x0000000087100000|  0%| F|  |TAMS 0x0000000087000000, 0x0000000087000000| Untracked 
|  83|0x0000000087100000, 0x0000000087100000, 0x0000000087200000|  0%| F|  |TAMS 0x0000000087100000, 0x0000000087100000| Untracked 
|  84|0x0000000087200000, 0x0000000087200000, 0x0000000087300000|  0%| F|  |TAMS 0x0000000087200000, 0x0000000087200000| Untracked 
|  85|0x0000000087300000, 0x0000000087300000, 0x0000000087400000|  0%| F|  |TAMS 0x0000000087300000, 0x0000000087300000| Untracked 
|  86|0x0000000087400000, 0x0000000087400000, 0x0000000087500000|  0%| F|  |TAMS 0x0000000087400000, 0x0000000087400000| Untracked 
|  87|0x0000000087500000, 0x0000000087500000, 0x0000000087600000|  0%| F|  |TAMS 0x0000000087500000, 0x0000000087500000| Untracked 
|  88|0x0000000087600000, 0x0000000087600000, 0x0000000087700000|  0%| F|  |TAMS 0x0000000087600000, 0x0000000087600000| Untracked 
|  89|0x0000000087700000, 0x0000000087700000, 0x0000000087800000|  0%| F|  |TAMS 0x0000000087700000, 0x0000000087700000| Untracked 
|  90|0x0000000087800000, 0x0000000087800000, 0x0000000087900000|  0%| F|  |TAMS 0x0000000087800000, 0x0000000087800000| Untracked 
|  91|0x0000000087900000, 0x0000000087900000, 0x0000000087a00000|  0%| F|  |TAMS 0x0000000087900000, 0x0000000087900000| Untracked 
|  92|0x0000000087a00000, 0x0000000087a00000, 0x0000000087b00000|  0%| F|  |TAMS 0x0000000087a00000, 0x0000000087a00000| Untracked 
|  93|0x0000000087b00000, 0x0000000087b00000, 0x0000000087c00000|  0%| F|  |TAMS 0x0000000087b00000, 0x0000000087b00000| Untracked 
|  94|0x0000000087c00000, 0x0000000087c00000, 0x0000000087d00000|  0%| F|  |TAMS 0x0000000087c00000, 0x0000000087c00000| Untracked 
|  95|0x0000000087d00000, 0x0000000087d00000, 0x0000000087e00000|  0%| F|  |TAMS 0x0000000087d00000, 0x0000000087d00000| Untracked 
|  96|0x0000000087e00000, 0x0000000087e00000, 0x0000000087f00000|  0%| F|  |TAMS 0x0000000087e00000, 0x0000000087e00000| Untracked 
|  97|0x0000000087f00000, 0x0000000087f00000, 0x0000000088000000|  0%| F|  |TAMS 0x0000000087f00000, 0x0000000087f00000| Untracked 
|  98|0x0000000088000000, 0x0000000088000000, 0x0000000088100000|  0%| F|  |TAMS 0x0000000088000000, 0x0000000088000000| Untracked 
|  99|0x0000000088100000, 0x0000000088100000, 0x0000000088200000|  0%| F|  |TAMS 0x0000000088100000, 0x0000000088100000| Untracked 
| 100|0x0000000088200000, 0x0000000088200000, 0x0000000088300000|  0%| F|  |TAMS 0x0000000088200000, 0x0000000088200000| Untracked 
| 101|0x0000000088300000, 0x0000000088300000, 0x0000000088400000|  0%| F|  |TAMS 0x0000000088300000, 0x0000000088300000| Untracked 
| 102|0x0000000088400000, 0x0000000088400000, 0x0000000088500000|  0%| F|  |TAMS 0x0000000088400000, 0x0000000088400000| Untracked 
| 103|0x0000000088500000, 0x0000000088500000, 0x0000000088600000|  0%| F|  |TAMS 0x0000000088500000, 0x0000000088500000| Untracked 
| 104|0x0000000088600000, 0x0000000088600000, 0x0000000088700000|  0%| F|  |TAMS 0x0000000088600000, 0x0000000088600000| Untracked 
| 105|0x0000000088700000, 0x0000000088700000, 0x0000000088800000|  0%| F|  |TAMS 0x0000000088700000, 0x0000000088700000| Untracked 
| 106|0x0000000088800000, 0x0000000088800000, 0x0000000088900000|  0%| F|  |TAMS 0x0000000088800000, 0x0000000088800000| Untracked 
| 107|0x0000000088900000, 0x0000000088900000, 0x0000000088a00000|  0%| F|  |TAMS 0x0000000088900000, 0x0000000088900000| Untracked 
| 108|0x0000000088a00000, 0x0000000088a00000, 0x0000000088b00000|  0%| F|  |TAMS 0x0000000088a00000, 0x0000000088a00000| Untracked 
| 109|0x0000000088b00000, 0x0000000088b00000, 0x0000000088c00000|  0%| F|  |TAMS 0x0000000088b00000, 0x0000000088b00000| Untracked 
| 110|0x0000000088c00000, 0x0000000088c00000, 0x0000000088d00000|  0%| F|  |TAMS 0x0000000088c00000, 0x0000000088c00000| Untracked 
| 111|0x0000000088d00000, 0x0000000088d00000, 0x0000000088e00000|  0%| F|  |TAMS 0x0000000088d00000, 0x0000000088d00000| Untracked 
| 112|0x0000000088e00000, 0x0000000088e00000, 0x0000000088f00000|  0%| F|  |TAMS 0x0000000088e00000, 0x0000000088e00000| Untracked 
| 113|0x0000000088f00000, 0x0000000088f00000, 0x0000000089000000|  0%| F|  |TAMS 0x0000000088f00000, 0x0000000088f00000| Untracked 
| 114|0x0000000089000000, 0x0000000089000000, 0x0000000089100000|  0%| F|  |TAMS 0x0000000089000000, 0x0000000089000000| Untracked 
| 115|0x0000000089100000, 0x0000000089100000, 0x0000000089200000|  0%| F|  |TAMS 0x0000000089100000, 0x0000000089100000| Untracked 
| 116|0x0000000089200000, 0x0000000089200000, 0x0000000089300000|  0%| F|  |TAMS 0x0000000089200000, 0x0000000089200000| Untracked 
| 117|0x0000000089300000, 0x0000000089300000, 0x0000000089400000|  0%| F|  |TAMS 0x0000000089300000, 0x0000000089300000| Untracked 
| 118|0x0000000089400000, 0x0000000089400000, 0x0000000089500000|  0%| F|  |TAMS 0x0000000089400000, 0x0000000089400000| Untracked 
| 119|0x0000000089500000, 0x0000000089500000, 0x0000000089600000|  0%| F|  |TAMS 0x0000000089500000, 0x0000000089500000| Untracked 
| 120|0x0000000089600000, 0x0000000089600000, 0x0000000089700000|  0%| F|  |TAMS 0x0000000089600000, 0x0000000089600000| Untracked 
| 121|0x0000000089700000, 0x0000000089700000, 0x0000000089800000|  0%| F|  |TAMS 0x0000000089700000, 0x0000000089700000| Untracked 
| 122|0x0000000089800000, 0x0000000089800000, 0x0000000089900000|  0%| F|  |TAMS 0x0000000089800000, 0x0000000089800000| Untracked 
| 123|0x0000000089900000, 0x0000000089900000, 0x0000000089a00000|  0%| F|  |TAMS 0x0000000089900000, 0x0000000089900000| Untracked 
| 124|0x0000000089a00000, 0x0000000089a00000, 0x0000000089b00000|  0%| F|  |TAMS 0x0000000089a00000, 0x0000000089a00000| Untracked 
| 125|0x0000000089b00000, 0x0000000089bf9c60, 0x0000000089c00000| 97%| E|  |TAMS 0x0000000089b00000, 0x0000000089b00000| Complete 
| 126|0x0000000089c00000, 0x0000000089d00000, 0x0000000089d00000|100%| E|CS|TAMS 0x0000000089c00000, 0x0000000089c00000| Complete 
| 127|0x0000000089d00000, 0x0000000089e00000, 0x0000000089e00000|100%| E|CS|TAMS 0x0000000089d00000, 0x0000000089d00000| Complete 

Card table byte_map: [0x00000198fc4f0000,0x00000198fc8f0000] _byte_map_base: 0x00000198fc0e1000

Marking Bits (Prev, Next): (CMBitMap*) 0x00000198e5715978, (CMBitMap*) 0x00000198e57159b0
 Prev Bits: [0x00000198fccf0000, 0x00000198fec78000)
 Next Bits: [0x0000019880000000, 0x0000019881f88000)

Polling page: 0x00000198e3600000

Metaspace:

Usage:
  Non-class:      5.95 MB capacity,     5.83 MB ( 98%) used,   116.98 KB (  2%) free+waste,     6.19 KB ( <1%) overhead. 
      Class:    630.00 KB capacity,   594.68 KB ( 94%) used,    31.95 KB (  5%) free+waste,     3.38 KB ( <1%) overhead. 
       Both:      6.57 MB capacity,     6.41 MB ( 98%) used,   148.93 KB (  2%) free+waste,     9.56 KB ( <1%) overhead. 

Virtual space:
  Non-class space:       12.00 MB reserved,       6.00 MB ( 50%) committed 
      Class space:        1.00 GB reserved,     640.00 KB ( <1%) committed 
             Both:        1.01 GB reserved,       6.62 MB ( <1%) committed 

Chunk freelists:
   Non-Class:  0 bytes
       Class:  0 bytes
        Both:  0 bytes

CodeHeap 'non-profiled nmethods': size=120000Kb used=81Kb max_used=81Kb free=119918Kb
 bounds [0x00000198f4890000, 0x00000198f4b00000, 0x00000198fbdc0000]
CodeHeap 'profiled nmethods': size=120000Kb used=288Kb max_used=288Kb free=119711Kb
 bounds [0x00000198ed360000, 0x00000198ed5d0000, 0x00000198f4890000]
CodeHeap 'non-nmethods': size=5760Kb used=1057Kb max_used=1067Kb free=4702Kb
 bounds [0x00000198ecdc0000, 0x00000198ed030000, 0x00000198ed360000]
 total_blobs=622 nmethods=272 adapters=262
 compilation: enabled
              stopped_count=0, restarted_count=0
 full_count=0

Compilation events (10 events):
Event: 0.208 Thread 0x00000198ff6f1000 nmethod 241 0x00000198ed3a6710 code [0x00000198ed3a68c0, 0x00000198ed3a69e8]
Event: 0.209 Thread 0x00000198ff6f1000  257       3       java.lang.invoke.MethodType::checkPtypes (61 bytes)
Event: 0.209 Thread 0x00000198ff6f1000 nmethod 257 0x00000198ed3a6a90 code [0x00000198ed3a6d00, 0x00000198ed3a76a8]
Event: 0.209 Thread 0x00000198ff6f1000  261       3       java.util.Arrays::equals (57 bytes)
Event: 0.210 Thread 0x00000198ff6f1000 nmethod 261 0x00000198ed3a7a90 code [0x00000198ed3a7c60, 0x00000198ed3a81c8]
Event: 0.210 Thread 0x00000198ff6f1000  258       1       java.lang.invoke.LambdaForm$BasicType::basicTypeClass (5 bytes)
Event: 0.210 Thread 0x00000198ff6f1000 nmethod 258 0x00000198f48a2b90 code [0x00000198f48a2d20, 0x00000198f48a2dd8]
Event: 0.210 Thread 0x00000198ff6f1000  259       3       jdk.internal.org.objectweb.asm.Frame::execute (2264 bytes)
Event: 0.213 Thread 0x0000019884148800  271       4       java.lang.String::charAt (25 bytes)
Event: 0.214 Thread 0x0000019884148800 nmethod 271 0x00000198f48a3490 code [0x00000198f48a3620, 0x00000198f48a36e8]

GC Heap History (0 events):
No events

Deoptimization events (5 events):
Event: 0.191 Thread 0x00000198e56da800 Uncommon trap: reason=unstable_if action=reinterpret pc=0x00000198f489b970 method=java.lang.String.isLatin1()Z @ 10 c2
Event: 0.202 Thread 0x00000198e56da800 Uncommon trap: reason=bimorphic_or_optimized_type_check action=maybe_recompile pc=0x00000198f4899494 method=java.util.AbstractCollection.isEmpty()Z @ 1 c2
Event: 0.202 Thread 0x00000198e56da800 Uncommon trap: reason=bimorphic_or_optimized_type_check action=maybe_recompile pc=0x00000198f4899494 method=java.util.AbstractCollection.isEmpty()Z @ 1 c2
Event: 0.203 Thread 0x00000198e56da800 Uncommon trap: reason=bimorphic_or_optimized_type_check action=maybe_recompile pc=0x00000198f4899494 method=java.util.AbstractCollection.isEmpty()Z @ 1 c2
Event: 0.205 Thread 0x00000198e56da800 Uncommon trap: reason=bimorphic_or_optimized_type_check action=maybe_recompile pc=0x00000198f4899494 method=java.util.AbstractCollection.isEmpty()Z @ 1 c2

Classes redefined (0 events):
No events

Internal exceptions (0 events):
No events

Events (10 events):
Event: 0.210 loading class java/lang/Byte$ByteCache
Event: 0.210 loading class java/lang/Byte$ByteCache done
Event: 0.211 loading class java/lang/invoke/MethodHandles$1
Event: 0.211 loading class java/lang/invoke/MethodHandles$1 done
Event: 0.211 loading class java/lang/invoke/BoundMethodHandle$Species_LLLLLLI
Event: 0.211 loading class java/lang/invoke/BoundMethodHandle$Species_LLLLLLI done
Event: 0.213 loading class sun/invoke/util/ValueConversions$WrapperCache
Event: 0.213 loading class sun/invoke/util/ValueConversions$WrapperCache done
Event: 0.213 loading class java/lang/invoke/BoundMethodHandle$Species_LLLLLLII
Event: 0.213 loading class java/lang/invoke/BoundMethodHandle$Species_LLLLLLII done


Dynamic libraries:
0x00007ff72dd40000 - 0x00007ff72dd50000 	C:\Program Files\Java\jdk-11\bin\java.exe
0x00007fff62950000 - 0x00007fff62b48000 	C:\WINDOWS\SYSTEM32\ntdll.dll
0x00007fff610c0000 - 0x00007fff6117f000 	C:\WINDOWS\System32\KERNEL32.DLL
0x00007fff603e0000 - 0x00007fff606d6000 	C:\WINDOWS\System32\KERNELBASE.dll
0x00007fff60790000 - 0x00007fff60890000 	C:\WINDOWS\System32\ucrtbase.dll
0x00007fff57ce0000 - 0x00007fff57cf9000 	C:\Program Files\Java\jdk-11\bin\jli.dll
0x00007fff4e830000 - 0x00007fff4e84b000 	C:\Program Files\Java\jdk-11\bin\VCRUNTIME140.dll
0x00007fff61690000 - 0x00007fff6173f000 	C:\WINDOWS\System32\ADVAPI32.dll
0x00007fff625e0000 - 0x00007fff6267e000 	C:\WINDOWS\System32\msvcrt.dll
0x00007fff624e0000 - 0x00007fff6257c000 	C:\WINDOWS\System32\sechost.dll
0x00007fff60f10000 - 0x00007fff61036000 	C:\WINDOWS\System32\RPCRT4.dll
0x00007fff62680000 - 0x00007fff6281d000 	C:\WINDOWS\System32\USER32.dll
0x00007fff60930000 - 0x00007fff60952000 	C:\WINDOWS\System32\win32u.dll
0x00007fff36e50000 - 0x00007fff370ea000 	C:\WINDOWS\WinSxS\amd64_microsoft.windows.common-controls_6595b64144ccf1df_6.0.19041.1110_none_60b5254171f9507e\COMCTL32.dll
0x00007fff61190000 - 0x00007fff611bc000 	C:\WINDOWS\System32\GDI32.dll
0x00007fff602c0000 - 0x00007fff603d5000 	C:\WINDOWS\System32\gdi32full.dll
0x00007fff60890000 - 0x00007fff6092d000 	C:\WINDOWS\System32\msvcp_win.dll
0x00007fff56f70000 - 0x00007fff56f7a000 	C:\WINDOWS\SYSTEM32\VERSION.dll
0x00007fff62100000 - 0x00007fff62130000 	C:\WINDOWS\System32\IMM32.DLL
0x00007fff57cd0000 - 0x00007fff57cdc000 	C:\Program Files\Java\jdk-11\bin\vcruntime140_1.dll
0x00007fff3cad0000 - 0x00007fff3cb5e000 	C:\Program Files\Java\jdk-11\bin\msvcp140.dll
0x00007fff25440000 - 0x00007fff25fac000 	C:\Program Files\Java\jdk-11\bin\server\jvm.dll
0x00007fff61180000 - 0x00007fff61188000 	C:\WINDOWS\System32\PSAPI.DLL
0x00007fff52c70000 - 0x00007fff52c97000 	C:\WINDOWS\SYSTEM32\WINMM.dll
0x00007fff56770000 - 0x00007fff56779000 	C:\WINDOWS\SYSTEM32\WSOCK32.dll
0x00007fff62820000 - 0x00007fff6288b000 	C:\WINDOWS\System32\WS2_32.dll
0x00007fff5e890000 - 0x00007fff5e8a2000 	C:\WINDOWS\SYSTEM32\kernel.appcore.dll
0x00007fff57c80000 - 0x00007fff57c90000 	C:\Program Files\Java\jdk-11\bin\verify.dll
0x00007fff5de80000 - 0x00007fff5e064000 	C:\WINDOWS\SYSTEM32\DBGHELP.DLL
0x00007fff54490000 - 0x00007fff544c4000 	C:\WINDOWS\SYSTEM32\dbgcore.DLL
0x00007fff60030000 - 0x00007fff600b2000 	C:\WINDOWS\System32\bcryptPrimitives.dll
0x00007fff4e330000 - 0x00007fff4e358000 	C:\Program Files\Java\jdk-11\bin\java.dll
0x00007fff57a40000 - 0x00007fff57a4a000 	C:\Program Files\Java\jdk-11\bin\jimage.dll
0x00007fff56630000 - 0x00007fff5663e000 	C:\Program Files\Java\jdk-11\bin\instrument.dll
0x00007fff4e810000 - 0x00007fff4e827000 	C:\Program Files\Java\jdk-11\bin\zip.dll
0x00007fff618f0000 - 0x00007fff62034000 	C:\WINDOWS\System32\SHELL32.dll
0x00007fff5e090000 - 0x00007fff5e823000 	C:\WINDOWS\SYSTEM32\windows.storage.dll
0x00007fff60bb0000 - 0x00007fff60f04000 	C:\WINDOWS\System32\combase.dll
0x00007fff5f8d0000 - 0x00007fff5f8fe000 	C:\WINDOWS\SYSTEM32\Wldp.dll
0x00007fff62050000 - 0x00007fff620fd000 	C:\WINDOWS\System32\SHCORE.dll
0x00007fff62580000 - 0x00007fff625d5000 	C:\WINDOWS\System32\shlwapi.dll
0x00007fff5ff70000 - 0x00007fff5ff8f000 	C:\WINDOWS\SYSTEM32\profapi.dll
0x00007fff42a90000 - 0x00007fff42aa9000 	C:\Program Files\Java\jdk-11\bin\net.dll
0x00007fff557c0000 - 0x00007fff558ca000 	C:\WINDOWS\SYSTEM32\WINHTTP.dll
0x00007fff5f6b0000 - 0x00007fff5f71a000 	C:\WINDOWS\system32\mswsock.dll
0x00007fff42a70000 - 0x00007fff42a82000 	C:\Program Files\Java\jdk-11\bin\nio.dll
0x00007fff42a50000 - 0x00007fff42a6a000 	C:\Program Files\JetBrains\IntelliJ IDEA 2023.1.1\bin\breakgen64.dll

dbghelp: loaded successfully - version: 4.0.5 - missing functions: none
symbol engine: initialized successfully - sym options: 0x614 - pdb path: .;C:\Program Files\Java\jdk-11\bin;C:\WINDOWS\SYSTEM32;C:\WINDOWS\WinSxS\amd64_microsoft.windows.common-controls_6595b64144ccf1df_6.0.19041.1110_none_60b5254171f9507e;C:\Program Files\Java\jdk-11\bin\server;C:\Program Files\JetBrains\IntelliJ IDEA 2023.1.1\bin

VM Arguments:
jvm_args: -javaagent:C:\Program Files\JetBrains\IntelliJ IDEA 2023.1.1\lib\idea_rt.jar=52909:C:\Program Files\JetBrains\IntelliJ IDEA 2023.1.1\bin -Dfile.encoding=UTF-8 
java_command: Main
java_class_path (initial): C:\Users\admin\Documents\CTAC\Assignments\FullStack103\OOP-School Management System\out\production\OOP-School Management System
Launcher Type: SUN_STANDARD

[Global flags]
     intx CICompilerCount                          = 4                                         {product} {ergonomic}
     uint ConcGCThreads                            = 2                                         {product} {ergonomic}
     uint G1ConcRefinementThreads                  = 8                                         {product} {ergonomic}
   size_t G1HeapRegionSize                         = 1048576                                   {product} {ergonomic}
    uintx GCDrainStackTargetSize                   = 64                                        {product} {ergonomic}
   size_t InitialHeapSize                          = 134217728                                 {product} {ergonomic}
   size_t MarkStackSize                            = 4194304                                   {product} {ergonomic}
   size_t MaxHeapSize                              = 2116026368                                {product} {ergonomic}
   size_t MaxNewSize                               = 1268776960                                {product} {ergonomic}
   size_t MinHeapDeltaBytes                        = 1048576                                   {product} {ergonomic}
    uintx NonNMethodCodeHeapSize                   = 5836300                                {pd product} {ergonomic}
    uintx NonProfiledCodeHeapSize                  = 122910970                              {pd product} {ergonomic}
    uintx ProfiledCodeHeapSize                     = 122910970                              {pd product} {ergonomic}
    uintx ReservedCodeCacheSize                    = 251658240                              {pd product} {ergonomic}
     bool SegmentedCodeCache                       = true                                      {product} {ergonomic}
     bool UseCompressedClassPointers               = true                                 {lp64_product} {ergonomic}
     bool UseCompressedOops                        = true                                 {lp64_product} {ergonomic}
     bool UseG1GC                                  = true                                      {product} {ergonomic}
     bool UseLargePagesIndividualAllocation        = false                                  {pd product} {ergonomic}

Logging:
Log output configuration:
 #0: stdout all=warning uptime,level,tags
 #1: stderr all=off uptime,level,tags

Environment Variables:
JAVA_HOME=C:\Program Files\Java\jdk-11
PATH=C:\Program Files\Common Files\Oracle\Java\javapath;C:\Python311\Scripts\;C:\Python311\;C:\Program Files (x86)\Common Files\Oracle\Java\javapath;C:\WINDOWS\system32;C:\WINDOWS;C:\WINDOWS\System32\Wbem;C:\WINDOWS\System32\WindowsPowerShell\v1.0\;C:\WINDOWS\System32\OpenSSH\;C:\Program Files\dotnet\;C:\Program Files\Git\cmd;C:\ProgramData\chocolatey\bin;C:\Program Files (x86)\nodejs\;C:\Program Files\Java\jdk-11\bin;C:\Users\admin\Downloads\apache-maven-3.9.1-bin\apache-maven-3.9.1\bin;C:\Users\admin\AppData\Local\Microsoft\WindowsApps;;C:\Users\admin\AppData\Local\Programs\Microsoft VS Code\bin;C:\Users\admin\AppData\Roaming\npm;C:\Program Files\JetBrains\IntelliJ IDEA 2023.1.1\bin;
USERNAME=admin
OS=Windows_NT
PROCESSOR_IDENTIFIER=Intel64 Family 6 Model 142 Stepping 10, GenuineIntel



---------------  S Y S T E M  ---------------

OS: Windows 10 , 64 bit Build 19041 (10.0.19041.2913)
Hyper-V role detected

CPU:total 8 (initial active 8) (4 cores per cpu, 2 threads per core) family 6 model 142 stepping 10 microcode 0xf0, cmov, cx8, fxsr, mmx, sse, sse2, sse3, ssse3, sse4.1, sse4.2, popcnt, avx, avx2, aes, clmul, erms, rtm, 3dnowpref, lzcnt, ht, tsc, tscinvbit, bmi1, bmi2, adx, fma

Memory: 4k page, system-wide physical 8067M (2382M free)
TotalPageFile size 9067M (AvailPageFile size 210M)
current process WorkingSet (physical memory assigned to process): 39M, peak: 39M
current process commit charge ("private bytes"): 208M, peak: 208M

vm_info: Java HotSpot(TM) 64-Bit Server VM (11.0.19+9-LTS-224) for windows-amd64 JRE (11.0.19+9-LTS-224), built on Mar 27 2023 08:48:55 by "mach5one" with MS VC++ 17.1 (VS2022)

END.
